This file contains any messages produced by compilers while
running configure, to aid debugging if configure makes a mistake.

It was created by ocamlsdl configure 0.9.1, which was
generated by GNU Autoconf 2.68.  Invocation command line was

  $ ./configure 

## --------- ##
## Platform. ##
## --------- ##

hostname = pc-bequig_s
uname -m = x86_64
uname -r = 3.1.10-1.9-desktop
uname -s = Linux
uname -v = #1 SMP PREEMPT Thu Apr 5 18:48:38 UTC 2012 (4a97ec8)

/usr/bin/uname -p = unknown
/bin/uname -X     = unknown

/bin/arch              = x86_64
/usr/bin/arch -k       = unknown
/usr/convex/getsysinfo = unknown
/usr/bin/hostinfo      = unknown
/bin/machine           = unknown
/usr/bin/oslevel       = unknown
/bin/universe          = unknown

PATH: /usr/sbin
PATH: /usr/bin
PATH: /sbin
PATH: /bin
PATH: /usr/school/sbin
PATH: /usr/school/bin
PATH: /usr/netsoul/sbin
PATH: /usr/netsoul/bin
PATH: /usr/kerberos/sbin
PATH: /usr/kerberos/bin
PATH: /usr/local/sbin
PATH: /usr/local/bin
PATH: /usr/bin/eclipse


## ----------- ##
## Core tests. ##
## ----------- ##

configure:2245: checking for ocamlc
configure:2261: found /usr/bin/ocamlc
configure:2272: result: ocamlc
configure:2297: result: OCaml version is 3.12.0
configure:2306: result: OCaml library path is /usr/lib64/ocaml
configure:2356: checking for ocamlopt
configure:2372: found /usr/bin/ocamlopt
configure:2383: result: ocamlopt
configure:2466: checking for ocamlc.opt
configure:2482: found /usr/bin/ocamlc.opt
configure:2493: result: ocamlc.opt
configure:2570: checking for ocamlopt.opt
configure:2586: found /usr/bin/ocamlopt.opt
configure:2597: result: ocamlopt.opt
configure:2679: checking for ocaml
configure:2695: found /usr/bin/ocaml
configure:2706: result: ocaml
configure:2773: checking for ocamldep
configure:2789: found /usr/bin/ocamldep
configure:2800: result: ocamldep
configure:2867: checking for ocamlmktop
configure:2883: found /usr/bin/ocamlmktop
configure:2894: result: ocamlmktop
configure:2961: checking for ocamlmklib
configure:2977: found /usr/bin/ocamlmklib
configure:2988: result: ocamlmklib
configure:3055: checking for ocamldoc
configure:3085: result: no
configure:3149: checking for ocamlbuild
configure:3165: found /usr/bin/ocamlbuild
configure:3176: result: ocamlbuild
configure:3244: checking for ocamlfind
configure:3274: result: no
configure:3304: checking OCaml Sys.os_type
configure:3312: result: Unix
configure:3371: checking for gcc
configure:3387: found /usr/bin/gcc
configure:3398: result: gcc
configure:3627: checking for C compiler version
configure:3636: gcc --version >&5
gcc (SUSE Linux) 4.6.2
Copyright (C) 2011 Free Software Foundation, Inc.
This is free software; see the source for copying conditions.  There is NO
warranty; not even for MERCHANTABILITY or FITNESS FOR A PARTICULAR PURPOSE.

configure:3647: $? = 0
configure:3636: gcc -v >&5
Using built-in specs.
COLLECT_GCC=gcc
COLLECT_LTO_WRAPPER=/usr/lib64/gcc/x86_64-suse-linux/4.6/lto-wrapper
Target: x86_64-suse-linux
Configured with: ../configure --prefix=/usr --infodir=/usr/share/info --mandir=/usr/share/man --libdir=/usr/lib64 --libexecdir=/usr/lib64 --enable-languages=c,c++,objc,fortran,obj-c++,java,ada --enable-checking=release --with-gxx-include-dir=/usr/include/c++/4.6 --enable-ssp --disable-libssp --disable-plugin --with-bugurl=http://bugs.opensuse.org/ --with-pkgversion='SUSE Linux' --disable-libgcj --disable-libmudflap --with-slibdir=/lib64 --with-system-zlib --enable-__cxa_atexit --enable-libstdcxx-allocator=new --disable-libstdcxx-pch --enable-version-specific-runtime-libs --program-suffix=-4.6 --enable-linux-futex --without-system-libunwind --with-arch-32=i586 --with-tune=generic --build=x86_64-suse-linux
Thread model: posix
gcc version 4.6.2 (SUSE Linux) 
configure:3647: $? = 0
configure:3636: gcc -V >&5
gcc: error: unrecognized option '-V'
gcc: fatal error: no input files
compilation terminated.
configure:3647: $? = 1
configure:3636: gcc -qversion >&5
gcc: error: unrecognized option '-qversion'
gcc: fatal error: no input files
compilation terminated.
configure:3647: $? = 1
configure:3667: checking whether the C compiler works
configure:3689: gcc -g -O   conftest.c  >&5
configure:3693: $? = 0
configure:3741: result: yes
configure:3744: checking for C compiler default output file name
configure:3746: result: a.out
configure:3752: checking for suffix of executables
configure:3759: gcc -o conftest -g -O   conftest.c  >&5
configure:3763: $? = 0
configure:3785: result: 
configure:3807: checking whether we are cross compiling
configure:3815: gcc -o conftest -g -O   conftest.c  >&5
configure:3819: $? = 0
configure:3826: ./conftest
configure:3830: $? = 0
configure:3845: result: no
configure:3850: checking for suffix of object files
configure:3872: gcc -c -g -O  conftest.c >&5
configure:3876: $? = 0
configure:3897: result: o
configure:3901: checking whether we are using the GNU C compiler
configure:3920: gcc -c -g -O  conftest.c >&5
configure:3920: $? = 0
configure:3929: result: yes
configure:3938: checking whether gcc accepts -g
configure:3958: gcc -c -g  conftest.c >&5
configure:3958: $? = 0
configure:3999: result: yes
configure:4016: checking for gcc option to accept ISO C89
configure:4080: gcc  -c -g -O  conftest.c >&5
configure:4080: $? = 0
configure:4093: result: none needed
configure:4157: checking for ranlib
configure:4173: found /usr/bin/ranlib
configure:4184: result: ranlib
configure:4212: checking how to run the C preprocessor
configure:4243: gcc -E  conftest.c
configure:4243: $? = 0
configure:4257: gcc -E  conftest.c
conftest.c:9:28: fatal error: ac_nonexistent.h: No such file or directory
compilation terminated.
configure:4257: $? = 1
configure: failed program was:
| /* confdefs.h */
| #define PACKAGE_NAME "ocamlsdl"
| #define PACKAGE_TARNAME "ocamlsdl"
| #define PACKAGE_VERSION "0.9.1"
| #define PACKAGE_STRING "ocamlsdl 0.9.1"
| #define PACKAGE_BUGREPORT ""
| #define PACKAGE_URL ""
| /* end confdefs.h.  */
| #include <ac_nonexistent.h>
configure:4282: result: gcc -E
configure:4302: gcc -E  conftest.c
configure:4302: $? = 0
configure:4316: gcc -E  conftest.c
conftest.c:9:28: fatal error: ac_nonexistent.h: No such file or directory
compilation terminated.
configure:4316: $? = 1
configure: failed program was:
| /* confdefs.h */
| #define PACKAGE_NAME "ocamlsdl"
| #define PACKAGE_TARNAME "ocamlsdl"
| #define PACKAGE_VERSION "0.9.1"
| #define PACKAGE_STRING "ocamlsdl 0.9.1"
| #define PACKAGE_BUGREPORT ""
| #define PACKAGE_URL ""
| /* end confdefs.h.  */
| #include <ac_nonexistent.h>
configure:4345: checking for grep that handles long lines and -e
configure:4403: result: /usr/bin/grep
configure:4408: checking for egrep
configure:4470: result: /usr/bin/grep -E
configure:4475: checking for ANSI C header files
configure:4495: gcc -c -g -O  conftest.c >&5
configure:4495: $? = 0
configure:4568: gcc -o conftest -g -O   conftest.c  >&5
configure:4568: $? = 0
configure:4568: ./conftest
configure:4568: $? = 0
configure:4579: result: yes
configure:4592: checking for sys/types.h
configure:4592: gcc -c -g -O  conftest.c >&5
configure:4592: $? = 0
configure:4592: result: yes
configure:4592: checking for sys/stat.h
configure:4592: gcc -c -g -O  conftest.c >&5
configure:4592: $? = 0
configure:4592: result: yes
configure:4592: checking for stdlib.h
configure:4592: gcc -c -g -O  conftest.c >&5
configure:4592: $? = 0
configure:4592: result: yes
configure:4592: checking for string.h
configure:4592: gcc -c -g -O  conftest.c >&5
configure:4592: $? = 0
configure:4592: result: yes
configure:4592: checking for memory.h
configure:4592: gcc -c -g -O  conftest.c >&5
configure:4592: $? = 0
configure:4592: result: yes
configure:4592: checking for strings.h
configure:4592: gcc -c -g -O  conftest.c >&5
configure:4592: $? = 0
configure:4592: result: yes
configure:4592: checking for inttypes.h
configure:4592: gcc -c -g -O  conftest.c >&5
configure:4592: $? = 0
configure:4592: result: yes
configure:4592: checking for stdint.h
configure:4592: gcc -c -g -O  conftest.c >&5
configure:4592: $? = 0
configure:4592: result: yes
configure:4592: checking for unistd.h
configure:4592: gcc -c -g -O  conftest.c >&5
configure:4592: $? = 0
configure:4592: result: yes
configure:4604: checking for size_t
configure:4604: gcc -c -g -O  conftest.c >&5
configure:4604: $? = 0
configure:4604: gcc -c -g -O  conftest.c >&5
conftest.c: In function 'main':
conftest.c:55:21: error: expected expression before ')' token
configure:4604: $? = 1
configure: failed program was:
| /* confdefs.h */
| #define PACKAGE_NAME "ocamlsdl"
| #define PACKAGE_TARNAME "ocamlsdl"
| #define PACKAGE_VERSION "0.9.1"
| #define PACKAGE_STRING "ocamlsdl 0.9.1"
| #define PACKAGE_BUGREPORT ""
| #define PACKAGE_URL ""
| #define STDC_HEADERS 1
| #define HAVE_SYS_TYPES_H 1
| #define HAVE_SYS_STAT_H 1
| #define HAVE_STDLIB_H 1
| #define HAVE_STRING_H 1
| #define HAVE_MEMORY_H 1
| #define HAVE_STRINGS_H 1
| #define HAVE_INTTYPES_H 1
| #define HAVE_STDINT_H 1
| #define HAVE_UNISTD_H 1
| /* end confdefs.h.  */
| #include <stdio.h>
| #ifdef HAVE_SYS_TYPES_H
| # include <sys/types.h>
| #endif
| #ifdef HAVE_SYS_STAT_H
| # include <sys/stat.h>
| #endif
| #ifdef STDC_HEADERS
| # include <stdlib.h>
| # include <stddef.h>
| #else
| # ifdef HAVE_STDLIB_H
| #  include <stdlib.h>
| # endif
| #endif
| #ifdef HAVE_STRING_H
| # if !defined STDC_HEADERS && defined HAVE_MEMORY_H
| #  include <memory.h>
| # endif
| # include <string.h>
| #endif
| #ifdef HAVE_STRINGS_H
| # include <strings.h>
| #endif
| #ifdef HAVE_INTTYPES_H
| # include <inttypes.h>
| #endif
| #ifdef HAVE_STDINT_H
| # include <stdint.h>
| #endif
| #ifdef HAVE_UNISTD_H
| # include <unistd.h>
| #endif
| int
| main ()
| {
| if (sizeof ((size_t)))
| 	    return 0;
|   ;
|   return 0;
| }
configure:4604: result: yes
configure:4617: checking for working alloca.h
configure:4634: gcc -o conftest -g -O   conftest.c  >&5
configure:4634: $? = 0
configure:4642: result: yes
configure:4650: checking for alloca
configure:4687: gcc -o conftest -g -O   conftest.c  >&5
configure:4687: $? = 0
configure:4695: result: yes
configure:4804: checking for inline
configure:4820: gcc -c -g -O  conftest.c >&5
configure:4820: $? = 0
configure:4828: result: inline
configure:4865: checking for a BSD-compatible install
configure:4933: result: /usr/bin/install -c
configure:4952: checking for OCaml module lablGL
File "conftest.ml", line 1, characters 0-7:
Error: Unbound module Gl
configure:4970: result: not found
configure:5036: checking for sdl-config
configure:5054: found /usr/bin/sdl-config
configure:5067: result: /usr/bin/sdl-config
configure:5077: checking for SDL - version >= 1.2.0
configure:5164: gcc -o conftest -g -O -I/usr/include/SDL -D_GNU_SOURCE=1 -D_REENTRANT   conftest.c  -L/usr/lib64 -lSDL -lpthread >&5
configure:5164: $? = 0
configure:5164: ./conftest
configure:5164: $? = 0
configure:5179: result: yes
configure:5292: checking SDL_ttf.h usability
configure:5292: gcc -c -g -O  -I/usr/include/SDL -D_GNU_SOURCE=1 -D_REENTRANT conftest.c >&5
conftest.c:55:21: fatal error: SDL_ttf.h: No such file or directory
compilation terminated.
configure:5292: $? = 1
configure: failed program was:
| /* confdefs.h */
| #define PACKAGE_NAME "ocamlsdl"
| #define PACKAGE_TARNAME "ocamlsdl"
| #define PACKAGE_VERSION "0.9.1"
| #define PACKAGE_STRING "ocamlsdl 0.9.1"
| #define PACKAGE_BUGREPORT ""
| #define PACKAGE_URL ""
| #define STDC_HEADERS 1
| #define HAVE_SYS_TYPES_H 1
| #define HAVE_SYS_STAT_H 1
| #define HAVE_STDLIB_H 1
| #define HAVE_STRING_H 1
| #define HAVE_MEMORY_H 1
| #define HAVE_STRINGS_H 1
| #define HAVE_INTTYPES_H 1
| #define HAVE_STDINT_H 1
| #define HAVE_UNISTD_H 1
| #define HAVE_ALLOCA_H 1
| #define HAVE_ALLOCA 1
| #define HAVE_INLINE 1
| /* end confdefs.h.  */
| #include <stdio.h>
| #ifdef HAVE_SYS_TYPES_H
| # include <sys/types.h>
| #endif
| #ifdef HAVE_SYS_STAT_H
| # include <sys/stat.h>
| #endif
| #ifdef STDC_HEADERS
| # include <stdlib.h>
| # include <stddef.h>
| #else
| # ifdef HAVE_STDLIB_H
| #  include <stdlib.h>
| # endif
| #endif
| #ifdef HAVE_STRING_H
| # if !defined STDC_HEADERS && defined HAVE_MEMORY_H
| #  include <memory.h>
| # endif
| # include <string.h>
| #endif
| #ifdef HAVE_STRINGS_H
| # include <strings.h>
| #endif
| #ifdef HAVE_INTTYPES_H
| # include <inttypes.h>
| #endif
| #ifdef HAVE_STDINT_H
| # include <stdint.h>
| #endif
| #ifdef HAVE_UNISTD_H
| # include <unistd.h>
| #endif
| #include <SDL_ttf.h>
configure:5292: result: no
configure:5292: checking SDL_ttf.h presence
configure:5292: gcc -E  -I/usr/include/SDL -D_GNU_SOURCE=1 -D_REENTRANT conftest.c
conftest.c:22:21: fatal error: SDL_ttf.h: No such file or directory
compilation terminated.
configure:5292: $? = 1
configure: failed program was:
| /* confdefs.h */
| #define PACKAGE_NAME "ocamlsdl"
| #define PACKAGE_TARNAME "ocamlsdl"
| #define PACKAGE_VERSION "0.9.1"
| #define PACKAGE_STRING "ocamlsdl 0.9.1"
| #define PACKAGE_BUGREPORT ""
| #define PACKAGE_URL ""
| #define STDC_HEADERS 1
| #define HAVE_SYS_TYPES_H 1
| #define HAVE_SYS_STAT_H 1
| #define HAVE_STDLIB_H 1
| #define HAVE_STRING_H 1
| #define HAVE_MEMORY_H 1
| #define HAVE_STRINGS_H 1
| #define HAVE_INTTYPES_H 1
| #define HAVE_STDINT_H 1
| #define HAVE_UNISTD_H 1
| #define HAVE_ALLOCA_H 1
| #define HAVE_ALLOCA 1
| #define HAVE_INLINE 1
| /* end confdefs.h.  */
| #include <SDL_ttf.h>
configure:5292: result: no
configure:5292: checking for SDL_ttf.h
configure:5292: result: no
configure:5444: checking SDL_image.h usability
configure:5444: gcc -c -g -O  -I/usr/include/SDL -D_GNU_SOURCE=1 -D_REENTRANT conftest.c >&5
conftest.c:55:23: fatal error: SDL_image.h: No such file or directory
compilation terminated.
configure:5444: $? = 1
configure: failed program was:
| /* confdefs.h */
| #define PACKAGE_NAME "ocamlsdl"
| #define PACKAGE_TARNAME "ocamlsdl"
| #define PACKAGE_VERSION "0.9.1"
| #define PACKAGE_STRING "ocamlsdl 0.9.1"
| #define PACKAGE_BUGREPORT ""
| #define PACKAGE_URL ""
| #define STDC_HEADERS 1
| #define HAVE_SYS_TYPES_H 1
| #define HAVE_SYS_STAT_H 1
| #define HAVE_STDLIB_H 1
| #define HAVE_STRING_H 1
| #define HAVE_MEMORY_H 1
| #define HAVE_STRINGS_H 1
| #define HAVE_INTTYPES_H 1
| #define HAVE_STDINT_H 1
| #define HAVE_UNISTD_H 1
| #define HAVE_ALLOCA_H 1
| #define HAVE_ALLOCA 1
| #define HAVE_INLINE 1
| /* end confdefs.h.  */
| #include <stdio.h>
| #ifdef HAVE_SYS_TYPES_H
| # include <sys/types.h>
| #endif
| #ifdef HAVE_SYS_STAT_H
| # include <sys/stat.h>
| #endif
| #ifdef STDC_HEADERS
| # include <stdlib.h>
| # include <stddef.h>
| #else
| # ifdef HAVE_STDLIB_H
| #  include <stdlib.h>
| # endif
| #endif
| #ifdef HAVE_STRING_H
| # if !defined STDC_HEADERS && defined HAVE_MEMORY_H
| #  include <memory.h>
| # endif
| # include <string.h>
| #endif
| #ifdef HAVE_STRINGS_H
| # include <strings.h>
| #endif
| #ifdef HAVE_INTTYPES_H
| # include <inttypes.h>
| #endif
| #ifdef HAVE_STDINT_H
| # include <stdint.h>
| #endif
| #ifdef HAVE_UNISTD_H
| # include <unistd.h>
| #endif
| #include <SDL_image.h>
configure:5444: result: no
configure:5444: checking SDL_image.h presence
configure:5444: gcc -E  -I/usr/include/SDL -D_GNU_SOURCE=1 -D_REENTRANT conftest.c
conftest.c:22:23: fatal error: SDL_image.h: No such file or directory
compilation terminated.
configure:5444: $? = 1
configure: failed program was:
| /* confdefs.h */
| #define PACKAGE_NAME "ocamlsdl"
| #define PACKAGE_TARNAME "ocamlsdl"
| #define PACKAGE_VERSION "0.9.1"
| #define PACKAGE_STRING "ocamlsdl 0.9.1"
| #define PACKAGE_BUGREPORT ""
| #define PACKAGE_URL ""
| #define STDC_HEADERS 1
| #define HAVE_SYS_TYPES_H 1
| #define HAVE_SYS_STAT_H 1
| #define HAVE_STDLIB_H 1
| #define HAVE_STRING_H 1
| #define HAVE_MEMORY_H 1
| #define HAVE_STRINGS_H 1
| #define HAVE_INTTYPES_H 1
| #define HAVE_STDINT_H 1
| #define HAVE_UNISTD_H 1
| #define HAVE_ALLOCA_H 1
| #define HAVE_ALLOCA 1
| #define HAVE_INLINE 1
| /* end confdefs.h.  */
| #include <SDL_image.h>
configure:5444: result: no
configure:5444: checking for SDL_image.h
configure:5444: result: no
configure:5552: checking SDL_mixer.h usability
configure:5552: gcc -c -g -O  -I/usr/include/SDL -D_GNU_SOURCE=1 -D_REENTRANT conftest.c >&5
conftest.c:55:23: fatal error: SDL_mixer.h: No such file or directory
compilation terminated.
configure:5552: $? = 1
configure: failed program was:
| /* confdefs.h */
| #define PACKAGE_NAME "ocamlsdl"
| #define PACKAGE_TARNAME "ocamlsdl"
| #define PACKAGE_VERSION "0.9.1"
| #define PACKAGE_STRING "ocamlsdl 0.9.1"
| #define PACKAGE_BUGREPORT ""
| #define PACKAGE_URL ""
| #define STDC_HEADERS 1
| #define HAVE_SYS_TYPES_H 1
| #define HAVE_SYS_STAT_H 1
| #define HAVE_STDLIB_H 1
| #define HAVE_STRING_H 1
| #define HAVE_MEMORY_H 1
| #define HAVE_STRINGS_H 1
| #define HAVE_INTTYPES_H 1
| #define HAVE_STDINT_H 1
| #define HAVE_UNISTD_H 1
| #define HAVE_ALLOCA_H 1
| #define HAVE_ALLOCA 1
| #define HAVE_INLINE 1
| /* end confdefs.h.  */
| #include <stdio.h>
| #ifdef HAVE_SYS_TYPES_H
| # include <sys/types.h>
| #endif
| #ifdef HAVE_SYS_STAT_H
| # include <sys/stat.h>
| #endif
| #ifdef STDC_HEADERS
| # include <stdlib.h>
| # include <stddef.h>
| #else
| # ifdef HAVE_STDLIB_H
| #  include <stdlib.h>
| # endif
| #endif
| #ifdef HAVE_STRING_H
| # if !defined STDC_HEADERS && defined HAVE_MEMORY_H
| #  include <memory.h>
| # endif
| # include <string.h>
| #endif
| #ifdef HAVE_STRINGS_H
| # include <strings.h>
| #endif
| #ifdef HAVE_INTTYPES_H
| # include <inttypes.h>
| #endif
| #ifdef HAVE_STDINT_H
| # include <stdint.h>
| #endif
| #ifdef HAVE_UNISTD_H
| # include <unistd.h>
| #endif
| #include <SDL_mixer.h>
configure:5552: result: no
configure:5552: checking SDL_mixer.h presence
configure:5552: gcc -E  -I/usr/include/SDL -D_GNU_SOURCE=1 -D_REENTRANT conftest.c
conftest.c:22:23: fatal error: SDL_mixer.h: No such file or directory
compilation terminated.
configure:5552: $? = 1
configure: failed program was:
| /* confdefs.h */
| #define PACKAGE_NAME "ocamlsdl"
| #define PACKAGE_TARNAME "ocamlsdl"
| #define PACKAGE_VERSION "0.9.1"
| #define PACKAGE_STRING "ocamlsdl 0.9.1"
| #define PACKAGE_BUGREPORT ""
| #define PACKAGE_URL ""
| #define STDC_HEADERS 1
| #define HAVE_SYS_TYPES_H 1
| #define HAVE_SYS_STAT_H 1
| #define HAVE_STDLIB_H 1
| #define HAVE_STRING_H 1
| #define HAVE_MEMORY_H 1
| #define HAVE_STRINGS_H 1
| #define HAVE_INTTYPES_H 1
| #define HAVE_STDINT_H 1
| #define HAVE_UNISTD_H 1
| #define HAVE_ALLOCA_H 1
| #define HAVE_ALLOCA 1
| #define HAVE_INLINE 1
| /* end confdefs.h.  */
| #include <SDL_mixer.h>
configure:5552: result: no
configure:5552: checking for SDL_mixer.h
configure:5552: result: no
configure:5615: checking SDL_gfxPrimitives.h usability
configure:5615: gcc -c -g -O  -I/usr/include/SDL -D_GNU_SOURCE=1 -D_REENTRANT conftest.c >&5
conftest.c:55:31: fatal error: SDL_gfxPrimitives.h: No such file or directory
compilation terminated.
configure:5615: $? = 1
configure: failed program was:
| /* confdefs.h */
| #define PACKAGE_NAME "ocamlsdl"
| #define PACKAGE_TARNAME "ocamlsdl"
| #define PACKAGE_VERSION "0.9.1"
| #define PACKAGE_STRING "ocamlsdl 0.9.1"
| #define PACKAGE_BUGREPORT ""
| #define PACKAGE_URL ""
| #define STDC_HEADERS 1
| #define HAVE_SYS_TYPES_H 1
| #define HAVE_SYS_STAT_H 1
| #define HAVE_STDLIB_H 1
| #define HAVE_STRING_H 1
| #define HAVE_MEMORY_H 1
| #define HAVE_STRINGS_H 1
| #define HAVE_INTTYPES_H 1
| #define HAVE_STDINT_H 1
| #define HAVE_UNISTD_H 1
| #define HAVE_ALLOCA_H 1
| #define HAVE_ALLOCA 1
| #define HAVE_INLINE 1
| /* end confdefs.h.  */
| #include <stdio.h>
| #ifdef HAVE_SYS_TYPES_H
| # include <sys/types.h>
| #endif
| #ifdef HAVE_SYS_STAT_H
| # include <sys/stat.h>
| #endif
| #ifdef STDC_HEADERS
| # include <stdlib.h>
| # include <stddef.h>
| #else
| # ifdef HAVE_STDLIB_H
| #  include <stdlib.h>
| # endif
| #endif
| #ifdef HAVE_STRING_H
| # if !defined STDC_HEADERS && defined HAVE_MEMORY_H
| #  include <memory.h>
| # endif
| # include <string.h>
| #endif
| #ifdef HAVE_STRINGS_H
| # include <strings.h>
| #endif
| #ifdef HAVE_INTTYPES_H
| # include <inttypes.h>
| #endif
| #ifdef HAVE_STDINT_H
| # include <stdint.h>
| #endif
| #ifdef HAVE_UNISTD_H
| # include <unistd.h>
| #endif
| #include <SDL_gfxPrimitives.h>
configure:5615: result: no
configure:5615: checking SDL_gfxPrimitives.h presence
configure:5615: gcc -E  -I/usr/include/SDL -D_GNU_SOURCE=1 -D_REENTRANT conftest.c
conftest.c:22:31: fatal error: SDL_gfxPrimitives.h: No such file or directory
compilation terminated.
configure:5615: $? = 1
configure: failed program was:
| /* confdefs.h */
| #define PACKAGE_NAME "ocamlsdl"
| #define PACKAGE_TARNAME "ocamlsdl"
| #define PACKAGE_VERSION "0.9.1"
| #define PACKAGE_STRING "ocamlsdl 0.9.1"
| #define PACKAGE_BUGREPORT ""
| #define PACKAGE_URL ""
| #define STDC_HEADERS 1
| #define HAVE_SYS_TYPES_H 1
| #define HAVE_SYS_STAT_H 1
| #define HAVE_STDLIB_H 1
| #define HAVE_STRING_H 1
| #define HAVE_MEMORY_H 1
| #define HAVE_STRINGS_H 1
| #define HAVE_INTTYPES_H 1
| #define HAVE_STDINT_H 1
| #define HAVE_UNISTD_H 1
| #define HAVE_ALLOCA_H 1
| #define HAVE_ALLOCA 1
| #define HAVE_INLINE 1
| /* end confdefs.h.  */
| #include <SDL_gfxPrimitives.h>
configure:5615: result: no
configure:5615: checking for SDL_gfxPrimitives.h
configure:5615: result: no
configure:5791: creating ./config.status

## ---------------------- ##
## Running config.status. ##
## ---------------------- ##

This file was extended by ocamlsdl config.status 0.9.1, which was
generated by GNU Autoconf 2.68.  Invocation command line was

  CONFIG_FILES    = 
  CONFIG_HEADERS  = 
  CONFIG_LINKS    = 
  CONFIG_COMMANDS = 
  $ ./config.status 

on pc-bequig_s

config.status:842: creating META
config.status:842: creating makefile.platform
config.status:842: creating makefile.config.gcc
config.status:842: creating src/config.h

## ---------------- ##
## Cache variables. ##
## ---------------- ##

ac_cv_c_compiler_gnu=yes
ac_cv_c_inline=inline
ac_cv_env_CC_set=
ac_cv_env_CC_value=
ac_cv_env_CFLAGS_set=
ac_cv_env_CFLAGS_value=
ac_cv_env_CPPFLAGS_set=
ac_cv_env_CPPFLAGS_value=
ac_cv_env_CPP_set=
ac_cv_env_CPP_value=
ac_cv_env_LDFLAGS_set=
ac_cv_env_LDFLAGS_value=
ac_cv_env_LIBS_set=
ac_cv_env_LIBS_value=
ac_cv_env_build_alias_set=
ac_cv_env_build_alias_value=
ac_cv_env_host_alias_set=
ac_cv_env_host_alias_value=
ac_cv_env_target_alias_set=
ac_cv_env_target_alias_value=
ac_cv_func_alloca_works=yes
ac_cv_header_SDL_gfxPrimitives_h=no
ac_cv_header_SDL_image_h=no
ac_cv_header_SDL_mixer_h=no
ac_cv_header_SDL_ttf_h=no
ac_cv_header_inttypes_h=yes
ac_cv_header_memory_h=yes
ac_cv_header_stdc=yes
ac_cv_header_stdint_h=yes
ac_cv_header_stdlib_h=yes
ac_cv_header_string_h=yes
ac_cv_header_strings_h=yes
ac_cv_header_sys_stat_h=yes
ac_cv_header_sys_types_h=yes
ac_cv_header_unistd_h=yes
ac_cv_objext=o
ac_cv_path_EGREP='/usr/bin/grep -E'
ac_cv_path_GREP=/usr/bin/grep
ac_cv_path_SDL_CONFIG=/usr/bin/sdl-config
ac_cv_path_install='/usr/bin/install -c'
ac_cv_prog_CPP='gcc -E'
ac_cv_prog_ac_ct_CC=gcc
ac_cv_prog_ac_ct_OCAML=ocaml
ac_cv_prog_ac_ct_OCAMLBUILD=ocamlbuild
ac_cv_prog_ac_ct_OCAMLC=ocamlc
ac_cv_prog_ac_ct_OCAMLCDOTOPT=ocamlc.opt
ac_cv_prog_ac_ct_OCAMLDEP=ocamldep
ac_cv_prog_ac_ct_OCAMLMKLIB=ocamlmklib
ac_cv_prog_ac_ct_OCAMLMKTOP=ocamlmktop
ac_cv_prog_ac_ct_OCAMLOPT=ocamlopt
ac_cv_prog_ac_ct_OCAMLOPTDOTOPT=ocamlopt.opt
ac_cv_prog_ac_ct_RANLIB=ranlib
ac_cv_prog_cc_c89=
ac_cv_prog_cc_g=yes
ac_cv_type_size_t=yes
ac_cv_working_alloca_h=yes

## ----------------- ##
## Output variables. ##
## ----------------- ##

ALLOCA=''
CC='gcc'
CFLAGS='-g -O'
CPP='gcc -E'
CPPFLAGS=' -I/usr/include/SDL -D_GNU_SOURCE=1 -D_REENTRANT'
DEFS='-DHAVE_CONFIG_H'
ECHO_C=''
ECHO_N='-n'
ECHO_T=''
EGREP='/usr/bin/grep -E'
EXEEXT=''
GREP='/usr/bin/grep'
INSTALL_DATA='${INSTALL} -m 644'
INSTALL_PROGRAM='${INSTALL}'
INSTALL_SCRIPT='${INSTALL}'
LABLGLDIR=''
LDFLAGS=''
LIBOBJS=''
LIBS=' -L/usr/lib64 -lSDL -lpthread'
LTLIBOBJS=''
OBJEXT='o'
OCAML='ocaml'
OCAMLBEST='opt'
OCAMLBUILD='ocamlbuild'
OCAMLC='ocamlc.opt'
OCAMLCDOTOPT='ocamlc.opt'
OCAMLDEP='ocamldep'
OCAMLDOC='no'
OCAMLFIND=''
OCAMLLIB='/usr/lib64/ocaml'
OCAMLMKLIB='ocamlmklib'
OCAMLMKTOP='ocamlmktop'
OCAMLOPT='ocamlopt.opt'
OCAMLOPTDOTOPT='ocamlopt.opt'
OCAMLSDLDIR='/usr/lib64/ocaml/sdl'
OCAMLVERSION='3.12.0'
OCAML_OS_TYPE='Unix'
PACKAGE_BUGREPORT=''
PACKAGE_NAME='ocamlsdl'
PACKAGE_STRING='ocamlsdl 0.9.1'
PACKAGE_TARNAME='ocamlsdl'
PACKAGE_URL=''
PACKAGE_VERSION='0.9.1'
PARTS=''
PATH_SEPARATOR=':'
PLATFORM='Unix'
RANLIB='ranlib'
SDL_CFLAGS='-I/usr/include/SDL -D_GNU_SOURCE=1 -D_REENTRANT'
SDL_CONFIG='/usr/bin/sdl-config'
SDL_LIBS='-L/usr/lib64 -lSDL -lpthread'
SHELL='/bin/sh'
ac_ct_CC='gcc'
bindir='${exec_prefix}/bin'
build_alias=''
datadir='${datarootdir}'
datarootdir='${prefix}/share'
docdir='${datarootdir}/doc/${PACKAGE_TARNAME}'
dvidir='${docdir}'
exec_prefix='${prefix}'
host_alias=''
htmldir='${docdir}'
includedir='${prefix}/include'
infodir='${datarootdir}/info'
libdir='${exec_prefix}/lib'
libexecdir='${exec_prefix}/libexec'
localedir='${datarootdir}/locale'
localstatedir='${prefix}/var'
mandir='${datarootdir}/man'
oldincludedir='/usr/include'
pdfdir='${docdir}'
prefix='/usr/local'
program_transform_name='s,x,x,'
psdir='${docdir}'
sbindir='${exec_prefix}/sbin'
sharedstatedir='${prefix}/com'
sysconfdir='${prefix}/etc'
target_alias=''

## ----------- ##
## confdefs.h. ##
## ----------- ##

/* confdefs.h */
#define PACKAGE_NAME "ocamlsdl"
#define PACKAGE_TARNAME "ocamlsdl"
#define PACKAGE_VERSION "0.9.1"
#define PACKAGE_STRING "ocamlsdl 0.9.1"
#define PACKAGE_BUGREPORT ""
#define PACKAGE_URL ""
#define STDC_HEADERS 1
#define HAVE_SYS_TYPES_H 1
#define HAVE_SYS_STAT_H 1
#define HAVE_STDLIB_H 1
#define HAVE_STRING_H 1
#define HAVE_MEMORY_H 1
#define HAVE_STRINGS_H 1
#define HAVE_INTTYPES_H 1
#define HAVE_STDINT_H 1
#define HAVE_UNISTD_H 1
#define HAVE_ALLOCA_H 1
#define HAVE_ALLOCA 1
#define HAVE_INLINE 1

configure: exit 0
